This is pdfTeX, Version 3.141592653-2.6-1.40.28 (TeX Live 2025) (preloaded format=pdflatex 2025.11.17)  14 DEC 2025 10:01
entering extended mode
 restricted \write18 enabled.
 %&-line parsing enabled.
**03-AlexNet_ResNet.tex
(./03-AlexNet_ResNet.tex
LaTeX2e <2025-11-01>
L3 programming layer <2025-11-06>
(/usr/local/texlive/2025basic/texmf-dist/tex/latex/beamer/beamer.cls
Document Class: beamer 2025/08/13 v3.76 A class for typesetting presentations
(/usr/local/texlive/2025basic/texmf-dist/tex/latex/beamer/beamerbasemodes.sty
(/usr/local/texlive/2025basic/texmf-dist/tex/latex/etoolbox/etoolbox.sty
Package: etoolbox 2025/10/02 v2.5m e-TeX tools for LaTeX (JAW)
\etb@tempcnta=\count275
)
\beamer@tempbox=\box53
\beamer@tempcount=\count276
\c@beamerpauses=\count277

(/usr/local/texlive/2025basic/texmf-dist/tex/latex/beamer/beamerbasedecode.sty
\beamer@slideinframe=\count278
\beamer@minimum=\count279
\beamer@decode@box=\box54
)
\beamer@commentbox=\box55
\beamer@modecount=\count280
) (/usr/local/texlive/2025basic/texmf-dist/tex/generic/iftex/iftex.sty
Package: iftex 2024/12/12 v1.0g TeX engine tests
)
\headdp=\dimen148
\footheight=\dimen149
\sidebarheight=\dimen150
\beamer@tempdim=\dimen151
\beamer@finalheight=\dimen152
\beamer@animht=\dimen153
\beamer@animdp=\dimen154
\beamer@animwd=\dimen155
\beamer@leftmargin=\dimen156
\beamer@rightmargin=\dimen157
\beamer@leftsidebar=\dimen158
\beamer@rightsidebar=\dimen159
\beamer@boxsize=\dimen160
\beamer@vboxoffset=\dimen161
\beamer@descdefault=\dimen162
\beamer@descriptionwidth=\dimen163
\beamer@lastskip=\skip49
\beamer@areabox=\box56
\beamer@animcurrent=\box57
\beamer@animshowbox=\box58
\beamer@sectionbox=\box59
\beamer@logobox=\box60
\beamer@linebox=\box61
\beamer@sectioncount=\count281
\beamer@subsubsectionmax=\count282
\beamer@subsectionmax=\count283
\beamer@sectionmax=\count284
\beamer@totalheads=\count285
\beamer@headcounter=\count286
\beamer@partstartpage=\count287
\beamer@sectionstartpage=\count288
\beamer@subsectionstartpage=\count289
\beamer@animationtempa=\count290
\beamer@animationtempb=\count291
\beamer@xpos=\count292
\beamer@ypos=\count293
\beamer@ypos@offset=\count294
\beamer@showpartnumber=\count295
\beamer@currentsubsection=\count296
\beamer@coveringdepth=\count297
\beamer@sectionadjust=\count298
\beamer@toclastsection=\count299
\beamer@tocsectionnumber=\count300

(/usr/local/texlive/2025basic/texmf-dist/tex/latex/beamer/beamerbaseoptions.sty
(/usr/local/texlive/2025basic/texmf-dist/tex/latex/graphics/keyval.sty
Package: keyval 2022/05/29 v1.15 key=value parser (DPC)
\KV@toks@=\toks17
))
\beamer@paperwidth=\skip50
\beamer@paperheight=\skip51

(/usr/local/texlive/2025basic/texmf-dist/tex/latex/geometry/geometry.sty
Package: geometry 2020/01/02 v5.9 Page Geometry

(/usr/local/texlive/2025basic/texmf-dist/tex/generic/iftex/ifvtex.sty
Package: ifvtex 2019/10/25 v1.7 ifvtex legacy package. Use iftex instead.
)
\Gm@cnth=\count301
\Gm@cntv=\count302
\c@Gm@tempcnt=\count303
\Gm@bindingoffset=\dimen164
\Gm@wd@mp=\dimen165
\Gm@odd@mp=\dimen166
\Gm@even@mp=\dimen167
\Gm@layoutwidth=\dimen168
\Gm@layoutheight=\dimen169
\Gm@layouthoffset=\dimen170
\Gm@layoutvoffset=\dimen171
\Gm@dimlist=\toks18
)
(/usr/local/texlive/2025basic/texmf-dist/tex/latex/pgf/math/pgfmath.sty
(/usr/local/texlive/2025basic/texmf-dist/tex/latex/pgf/utilities/pgfrcs.sty
(/usr/local/texlive/2025basic/texmf-dist/tex/generic/pgf/utilities/pgfutil-comm
on.tex
\pgfutil@everybye=\toks19
\pgfutil@tempdima=\dimen172
\pgfutil@tempdimb=\dimen173
)
(/usr/local/texlive/2025basic/texmf-dist/tex/generic/pgf/utilities/pgfutil-late
x.def
\pgfutil@abb=\box62
)
(/usr/local/texlive/2025basic/texmf-dist/tex/generic/pgf/utilities/pgfrcs.code.
tex (/usr/local/texlive/2025basic/texmf-dist/tex/generic/pgf/pgf.revision.tex)
Package: pgfrcs 2025-08-29 v3.1.11a (3.1.11a)
)) (/usr/local/texlive/2025basic/texmf-dist/tex/latex/pgf/utilities/pgfkeys.sty

(/usr/local/texlive/2025basic/texmf-dist/tex/generic/pgf/utilities/pgfkeys.code
.tex
\pgfkeys@pathtoks=\toks20
\pgfkeys@temptoks=\toks21

(/usr/local/texlive/2025basic/texmf-dist/tex/generic/pgf/utilities/pgfkeyslibra
ryfiltered.code.tex
\pgfkeys@tmptoks=\toks22
)))
(/usr/local/texlive/2025basic/texmf-dist/tex/generic/pgf/math/pgfmath.code.tex
(/usr/local/texlive/2025basic/texmf-dist/tex/generic/pgf/math/pgfmathutil.code.
tex
\pgf@x=\dimen174
\pgf@xa=\dimen175
\pgf@xb=\dimen176
\pgf@xc=\dimen177
\pgf@y=\dimen178
\pgf@ya=\dimen179
\pgf@yb=\dimen180
\pgf@yc=\dimen181
\c@pgf@counta=\count304
\c@pgf@countb=\count305
\c@pgf@countc=\count306
\c@pgf@countd=\count307
)
(/usr/local/texlive/2025basic/texmf-dist/tex/generic/pgf/math/pgfmathparser.cod
e.tex
\pgfmath@dimen=\dimen182
\pgfmath@count=\count308
\pgfmath@box=\box63
\pgfmath@toks=\toks23
\pgfmath@stack@operand=\toks24
\pgfmath@stack@operation=\toks25
)
(/usr/local/texlive/2025basic/texmf-dist/tex/generic/pgf/math/pgfmathfunctions.
code.tex)
(/usr/local/texlive/2025basic/texmf-dist/tex/generic/pgf/math/pgfmathfunctions.
basic.code.tex)
(/usr/local/texlive/2025basic/texmf-dist/tex/generic/pgf/math/pgfmathfunctions.
trigonometric.code.tex)
(/usr/local/texlive/2025basic/texmf-dist/tex/generic/pgf/math/pgfmathfunctions.
random.code.tex)
(/usr/local/texlive/2025basic/texmf-dist/tex/generic/pgf/math/pgfmathfunctions.
comparison.code.tex)
(/usr/local/texlive/2025basic/texmf-dist/tex/generic/pgf/math/pgfmathfunctions.
base.code.tex)
(/usr/local/texlive/2025basic/texmf-dist/tex/generic/pgf/math/pgfmathfunctions.
round.code.tex)
(/usr/local/texlive/2025basic/texmf-dist/tex/generic/pgf/math/pgfmathfunctions.
misc.code.tex)
(/usr/local/texlive/2025basic/texmf-dist/tex/generic/pgf/math/pgfmathfunctions.
integerarithmetics.code.tex)
(/usr/local/texlive/2025basic/texmf-dist/tex/generic/pgf/math/pgfmathcalc.code.
tex)
(/usr/local/texlive/2025basic/texmf-dist/tex/generic/pgf/math/pgfmathfloat.code
.tex
\c@pgfmathroundto@lastzeros=\count309
)))

Class beamer Warning: ``serif'' option is obsolete. Use font theme ``serif'' in
stead on input line 360.

(/usr/local/texlive/2025basic/texmf-dist/tex/latex/base/size11.clo
File: size11.clo 2025/01/22 v1.4n Standard LaTeX file (size option)
)
(/usr/local/texlive/2025basic/texmf-dist/tex/latex/pgf/basiclayer/pgfcore.sty
(/usr/local/texlive/2025basic/texmf-dist/tex/latex/graphics/graphicx.sty
Package: graphicx 2024/12/31 v1.2e Enhanced LaTeX Graphics (DPC,SPQR)

(/usr/local/texlive/2025basic/texmf-dist/tex/latex/graphics/graphics.sty
Package: graphics 2024/08/06 v1.4g Standard LaTeX Graphics (DPC,SPQR)

(/usr/local/texlive/2025basic/texmf-dist/tex/latex/graphics/trig.sty
Package: trig 2023/12/02 v1.11 sin cos tan (DPC)
)
(/usr/local/texlive/2025basic/texmf-dist/tex/latex/graphics-cfg/graphics.cfg
File: graphics.cfg 2016/06/04 v1.11 sample graphics configuration
)
Package graphics Info: Driver file: pdftex.def on input line 106.

(/usr/local/texlive/2025basic/texmf-dist/tex/latex/graphics-def/pdftex.def
File: pdftex.def 2025/09/29 v1.2d Graphics/color driver for pdftex
))
\Gin@req@height=\dimen183
\Gin@req@width=\dimen184
)
(/usr/local/texlive/2025basic/texmf-dist/tex/latex/pgf/systemlayer/pgfsys.sty
(/usr/local/texlive/2025basic/texmf-dist/tex/generic/pgf/systemlayer/pgfsys.cod
e.tex
Package: pgfsys 2025-08-29 v3.1.11a (3.1.11a)
\pgf@x=\dimen185
\pgf@y=\dimen186
\pgf@xa=\dimen187
\pgf@ya=\dimen188
\pgf@xb=\dimen189
\pgf@yb=\dimen190
\pgf@xc=\dimen191
\pgf@yc=\dimen192
\pgf@xd=\dimen193
\pgf@yd=\dimen194
\w@pgf@writea=\write3
\r@pgf@reada=\read2
\c@pgf@counta=\count310
\c@pgf@countb=\count311
\c@pgf@countc=\count312
\c@pgf@countd=\count313
\t@pgf@toka=\toks26
\t@pgf@tokb=\toks27
\t@pgf@tokc=\toks28
\pgf@sys@id@count=\count314

(/usr/local/texlive/2025basic/texmf-dist/tex/generic/pgf/systemlayer/pgf.cfg
File: pgf.cfg 2025-08-29 v3.1.11a (3.1.11a)
)
Driver file for pgf: pgfsys-pdftex.def

(/usr/local/texlive/2025basic/texmf-dist/tex/generic/pgf/systemlayer/pgfsys-pdf
tex.def
File: pgfsys-pdftex.def 2025-08-29 v3.1.11a (3.1.11a)

(/usr/local/texlive/2025basic/texmf-dist/tex/generic/pgf/systemlayer/pgfsys-com
mon-pdf.def
File: pgfsys-common-pdf.def 2025-08-29 v3.1.11a (3.1.11a)
)))
(/usr/local/texlive/2025basic/texmf-dist/tex/generic/pgf/systemlayer/pgfsyssoft
path.code.tex
File: pgfsyssoftpath.code.tex 2025-08-29 v3.1.11a (3.1.11a)
\pgfsyssoftpath@smallbuffer@items=\count315
\pgfsyssoftpath@bigbuffer@items=\count316
)
(/usr/local/texlive/2025basic/texmf-dist/tex/generic/pgf/systemlayer/pgfsysprot
ocol.code.tex
File: pgfsysprotocol.code.tex 2025-08-29 v3.1.11a (3.1.11a)
))
(/usr/local/texlive/2025basic/texmf-dist/tex/latex/xcolor/xcolor.sty
Package: xcolor 2024/09/29 v3.02 LaTeX color extensions (UK)

(/usr/local/texlive/2025basic/texmf-dist/tex/latex/graphics-cfg/color.cfg
File: color.cfg 2016/01/02 v1.6 sample color configuration
)
Package xcolor Info: Driver file: pdftex.def on input line 274.

(/usr/local/texlive/2025basic/texmf-dist/tex/latex/graphics/mathcolor.ltx)
Package xcolor Info: Model `cmy' substituted by `cmy0' on input line 1349.
Package xcolor Info: Model `hsb' substituted by `rgb' on input line 1353.
Package xcolor Info: Model `RGB' extended on input line 1365.
Package xcolor Info: Model `HTML' substituted by `rgb' on input line 1367.
Package xcolor Info: Model `Hsb' substituted by `hsb' on input line 1368.
Package xcolor Info: Model `tHsb' substituted by `hsb' on input line 1369.
Package xcolor Info: Model `HSB' substituted by `hsb' on input line 1370.
Package xcolor Info: Model `Gray' substituted by `gray' on input line 1371.
Package xcolor Info: Model `wave' substituted by `hsb' on input line 1372.
)
(/usr/local/texlive/2025basic/texmf-dist/tex/generic/pgf/basiclayer/pgfcore.cod
e.tex
Package: pgfcore 2025-08-29 v3.1.11a (3.1.11a)

(/usr/local/texlive/2025basic/texmf-dist/tex/generic/pgf/math/pgfint.code.tex)
(/usr/local/texlive/2025basic/texmf-dist/tex/generic/pgf/basiclayer/pgfcorepoin
ts.code.tex
File: pgfcorepoints.code.tex 2025-08-29 v3.1.11a (3.1.11a)
\pgf@picminx=\dimen195
\pgf@picmaxx=\dimen196
\pgf@picminy=\dimen197
\pgf@picmaxy=\dimen198
\pgf@pathminx=\dimen199
\pgf@pathmaxx=\dimen256
\pgf@pathminy=\dimen257
\pgf@pathmaxy=\dimen258
\pgf@xx=\dimen259
\pgf@xy=\dimen260
\pgf@yx=\dimen261
\pgf@yy=\dimen262
\pgf@zx=\dimen263
\pgf@zy=\dimen264
)
(/usr/local/texlive/2025basic/texmf-dist/tex/generic/pgf/basiclayer/pgfcorepath
construct.code.tex
File: pgfcorepathconstruct.code.tex 2025-08-29 v3.1.11a (3.1.11a)
\pgf@path@lastx=\dimen265
\pgf@path@lasty=\dimen266
)
(/usr/local/texlive/2025basic/texmf-dist/tex/generic/pgf/basiclayer/pgfcorepath
usage.code.tex
File: pgfcorepathusage.code.tex 2025-08-29 v3.1.11a (3.1.11a)
\pgf@shorten@end@additional=\dimen267
\pgf@shorten@start@additional=\dimen268
)
(/usr/local/texlive/2025basic/texmf-dist/tex/generic/pgf/basiclayer/pgfcorescop
es.code.tex
File: pgfcorescopes.code.tex 2025-08-29 v3.1.11a (3.1.11a)
\pgfpic=\box64
\pgf@hbox=\box65
\pgf@layerbox@main=\box66
\pgf@picture@serial@count=\count317
)
(/usr/local/texlive/2025basic/texmf-dist/tex/generic/pgf/basiclayer/pgfcoregrap
hicstate.code.tex
File: pgfcoregraphicstate.code.tex 2025-08-29 v3.1.11a (3.1.11a)
\pgflinewidth=\dimen269
)
(/usr/local/texlive/2025basic/texmf-dist/tex/generic/pgf/basiclayer/pgfcoretran
sformations.code.tex
File: pgfcoretransformations.code.tex 2025-08-29 v3.1.11a (3.1.11a)
\pgf@pt@x=\dimen270
\pgf@pt@y=\dimen271
\pgf@pt@temp=\dimen272
)
(/usr/local/texlive/2025basic/texmf-dist/tex/generic/pgf/basiclayer/pgfcorequic
k.code.tex
File: pgfcorequick.code.tex 2025-08-29 v3.1.11a (3.1.11a)
)
(/usr/local/texlive/2025basic/texmf-dist/tex/generic/pgf/basiclayer/pgfcoreobje
cts.code.tex
File: pgfcoreobjects.code.tex 2025-08-29 v3.1.11a (3.1.11a)
)
(/usr/local/texlive/2025basic/texmf-dist/tex/generic/pgf/basiclayer/pgfcorepath
processing.code.tex
File: pgfcorepathprocessing.code.tex 2025-08-29 v3.1.11a (3.1.11a)
)
(/usr/local/texlive/2025basic/texmf-dist/tex/generic/pgf/basiclayer/pgfcorearro
ws.code.tex
File: pgfcorearrows.code.tex 2025-08-29 v3.1.11a (3.1.11a)
\pgfarrowsep=\dimen273
)
(/usr/local/texlive/2025basic/texmf-dist/tex/generic/pgf/basiclayer/pgfcoreshad
e.code.tex
File: pgfcoreshade.code.tex 2025-08-29 v3.1.11a (3.1.11a)
\pgf@max=\dimen274
\pgf@sys@shading@range@num=\count318
\pgf@shadingcount=\count319
)
(/usr/local/texlive/2025basic/texmf-dist/tex/generic/pgf/basiclayer/pgfcoreimag
e.code.tex
File: pgfcoreimage.code.tex 2025-08-29 v3.1.11a (3.1.11a)
)
(/usr/local/texlive/2025basic/texmf-dist/tex/generic/pgf/basiclayer/pgfcoreexte
rnal.code.tex
File: pgfcoreexternal.code.tex 2025-08-29 v3.1.11a (3.1.11a)
\pgfexternal@startupbox=\box67
)
(/usr/local/texlive/2025basic/texmf-dist/tex/generic/pgf/basiclayer/pgfcorelaye
rs.code.tex
File: pgfcorelayers.code.tex 2025-08-29 v3.1.11a (3.1.11a)
)
(/usr/local/texlive/2025basic/texmf-dist/tex/generic/pgf/basiclayer/pgfcoretran
sparency.code.tex
File: pgfcoretransparency.code.tex 2025-08-29 v3.1.11a (3.1.11a)
)
(/usr/local/texlive/2025basic/texmf-dist/tex/generic/pgf/basiclayer/pgfcorepatt
erns.code.tex
File: pgfcorepatterns.code.tex 2025-08-29 v3.1.11a (3.1.11a)
)
(/usr/local/texlive/2025basic/texmf-dist/tex/generic/pgf/basiclayer/pgfcorerdf.
code.tex
File: pgfcorerdf.code.tex 2025-08-29 v3.1.11a (3.1.11a)
)))
(/usr/local/texlive/2025basic/texmf-dist/tex/latex/pgf/utilities/xxcolor.sty
Package: xxcolor 2003/10/24 ver 0.1
\XC@nummixins=\count320
\XC@countmixins=\count321
)
(/usr/local/texlive/2025basic/texmf-dist/tex/latex/base/atbegshi-ltx.sty
Package: atbegshi-ltx 2021/01/10 v1.0c Emulation of the original atbegshi
package with kernel methods
)
(/usr/local/texlive/2025basic/texmf-dist/tex/latex/hyperref/hyperref.sty
Package: hyperref 2025-07-12 v7.01o Hypertext links for LaTeX

(/usr/local/texlive/2025basic/texmf-dist/tex/latex/kvsetkeys/kvsetkeys.sty
Package: kvsetkeys 2022-10-05 v1.19 Key value parser (HO)
)
(/usr/local/texlive/2025basic/texmf-dist/tex/generic/kvdefinekeys/kvdefinekeys.
sty
Package: kvdefinekeys 2019-12-19 v1.6 Define keys (HO)
)
(/usr/local/texlive/2025basic/texmf-dist/tex/generic/pdfescape/pdfescape.sty
Package: pdfescape 2019/12/09 v1.15 Implements pdfTeX's escape features (HO)

(/usr/local/texlive/2025basic/texmf-dist/tex/generic/ltxcmds/ltxcmds.sty
Package: ltxcmds 2023-12-04 v1.26 LaTeX kernel commands for general use (HO)
)
(/usr/local/texlive/2025basic/texmf-dist/tex/generic/pdftexcmds/pdftexcmds.sty
Package: pdftexcmds 2020-06-27 v0.33 Utility functions of pdfTeX for LuaTeX (HO
)

(/usr/local/texlive/2025basic/texmf-dist/tex/generic/infwarerr/infwarerr.sty
Package: infwarerr 2019/12/03 v1.5 Providing info/warning/error messages (HO)
)
Package pdftexcmds Info: \pdf@primitive is available.
Package pdftexcmds Info: \pdf@ifprimitive is available.
Package pdftexcmds Info: \pdfdraftmode found.
)) (/usr/local/texlive/2025basic/texmf-dist/tex/latex/hycolor/hycolor.sty
Package: hycolor 2020-01-27 v1.10 Color options for hyperref/bookmark (HO)
)
(/usr/local/texlive/2025basic/texmf-dist/tex/latex/hyperref/nameref.sty
Package: nameref 2025-06-21 v2.57 Cross-referencing by name of section

(/usr/local/texlive/2025basic/texmf-dist/tex/latex/refcount/refcount.sty
Package: refcount 2019/12/15 v3.6 Data extraction from label references (HO)
)
(/usr/local/texlive/2025basic/texmf-dist/tex/generic/gettitlestring/gettitlestr
ing.sty
Package: gettitlestring 2019/12/15 v1.6 Cleanup title references (HO)

(/usr/local/texlive/2025basic/texmf-dist/tex/latex/kvoptions/kvoptions.sty
Package: kvoptions 2022-06-15 v3.15 Key value format for package options (HO)
))
\c@section@level=\count322
)
(/usr/local/texlive/2025basic/texmf-dist/tex/generic/stringenc/stringenc.sty
Package: stringenc 2019/11/29 v1.12 Convert strings between diff. encodings (HO
)
)
\@linkdim=\dimen275
\Hy@linkcounter=\count323
\Hy@pagecounter=\count324

(/usr/local/texlive/2025basic/texmf-dist/tex/latex/hyperref/pd1enc.def
File: pd1enc.def 2025-07-12 v7.01o Hyperref: PDFDocEncoding definition (HO)
Now handling font encoding PD1 ...
... no UTF-8 mapping file for font encoding PD1
)
(/usr/local/texlive/2025basic/texmf-dist/tex/generic/intcalc/intcalc.sty
Package: intcalc 2019/12/15 v1.3 Expandable calculations with integers (HO)
)
\Hy@SavedSpaceFactor=\count325

(/usr/local/texlive/2025basic/texmf-dist/tex/latex/hyperref/puenc.def
File: puenc.def 2025-07-12 v7.01o Hyperref: PDF Unicode definition (HO)
Now handling font encoding PU ...
... no UTF-8 mapping file for font encoding PU
)
Package hyperref Info: Option `bookmarks' set `true' on input line 4066.
Package hyperref Info: Option `bookmarksopen' set `true' on input line 4066.
Package hyperref Info: Option `implicit' set `false' on input line 4066.
Package hyperref Info: Hyper figures OFF on input line 4195.
Package hyperref Info: Link nesting OFF on input line 4200.
Package hyperref Info: Hyper index ON on input line 4203.
Package hyperref Info: Plain pages OFF on input line 4210.
Package hyperref Info: Backreferencing OFF on input line 4215.
Package hyperref Info: Implicit mode OFF; no redefinition of LaTeX internals.
Package hyperref Info: Bookmarks ON on input line 4462.
\c@Hy@tempcnt=\count326

(/usr/local/texlive/2025basic/texmf-dist/tex/latex/url/url.sty
\Urlmuskip=\muskip17
Package: url 2013/09/16  ver 3.4  Verb mode for urls, etc.
)
LaTeX Info: Redefining \url on input line 4801.
\XeTeXLinkMargin=\dimen276

(/usr/local/texlive/2025basic/texmf-dist/tex/generic/bitset/bitset.sty
Package: bitset 2019/12/09 v1.3 Handle bit-vector datatype (HO)

(/usr/local/texlive/2025basic/texmf-dist/tex/generic/bigintcalc/bigintcalc.sty
Package: bigintcalc 2019/12/15 v1.5 Expandable calculations on big integers (HO
)
))
\Fld@menulength=\count327
\Field@Width=\dimen277
\Fld@charsize=\dimen278
Package hyperref Info: Hyper figures OFF on input line 6078.
Package hyperref Info: Link nesting OFF on input line 6083.
Package hyperref Info: Hyper index ON on input line 6086.
Package hyperref Info: backreferencing OFF on input line 6093.
Package hyperref Info: Link coloring OFF on input line 6098.
Package hyperref Info: Link coloring with OCG OFF on input line 6103.
Package hyperref Info: PDF/A mode OFF on input line 6108.
\Hy@abspage=\count328


Package hyperref Message: Stopped early.

)
Package hyperref Info: Driver (autodetected): hpdftex.
 (/usr/local/texlive/2025basic/texmf-dist/tex/latex/hyperref/hpdftex.def
File: hpdftex.def 2025-07-12 v7.01o Hyperref driver for pdfTeX
\Fld@listcount=\count329
\c@bookmark@seq@number=\count330

(/usr/local/texlive/2025basic/texmf-dist/tex/latex/rerunfilecheck/rerunfilechec
k.sty
Package: rerunfilecheck 2025-06-21 v1.11 Rerun checks for auxiliary files (HO)

(/usr/local/texlive/2025basic/texmf-dist/tex/generic/uniquecounter/uniquecounte
r.sty
Package: uniquecounter 2019/12/15 v1.4 Provide unlimited unique counter (HO)
)
Package uniquecounter Info: New unique counter `rerunfilecheck' on input line 2
84.
))
(/usr/local/texlive/2025basic/texmf-dist/tex/latex/beamer/beamerbaserequires.st
y
(/usr/local/texlive/2025basic/texmf-dist/tex/latex/beamer/beamerbasecompatibili
ty.sty)
(/usr/local/texlive/2025basic/texmf-dist/tex/latex/beamer/beamerbasefont.sty
(/usr/local/texlive/2025basic/texmf-dist/tex/latex/amsfonts/amssymb.sty
Package: amssymb 2013/01/14 v3.01 AMS font symbols

(/usr/local/texlive/2025basic/texmf-dist/tex/latex/amsfonts/amsfonts.sty
Package: amsfonts 2013/01/14 v3.01 Basic AMSFonts support
\@emptytoks=\toks29
\symAMSa=\mathgroup4
\symAMSb=\mathgroup5
LaTeX Font Info:    Redeclaring math symbol \hbar on input line 98.
LaTeX Font Info:    Overwriting math alphabet `\mathfrak' in version `bold'
(Font)                  U/euf/m/n --> U/euf/b/n on input line 106.
)))
(/usr/local/texlive/2025basic/texmf-dist/tex/latex/beamer/beamerbasetranslator.
sty
(/usr/local/texlive/2025basic/texmf-dist/tex/latex/translator/translator.sty
Package: translator 2021-05-31 v1.12d Easy translation of strings in LaTeX
))
(/usr/local/texlive/2025basic/texmf-dist/tex/latex/beamer/beamerbasemisc.sty)
(/usr/local/texlive/2025basic/texmf-dist/tex/latex/beamer/beamerbasetwoscreens.
sty)
(/usr/local/texlive/2025basic/texmf-dist/tex/latex/beamer/beamerbaseoverlay.sty
\beamer@argscount=\count331
\beamer@lastskipcover=\skip52
\beamer@trivlistdepth=\count332
) (/usr/local/texlive/2025basic/texmf-dist/tex/latex/beamer/beamerbasetitle.sty
)
(/usr/local/texlive/2025basic/texmf-dist/tex/latex/beamer/beamerbasesection.sty
\c@lecture=\count333
\c@part=\count334
\c@section=\count335
\c@subsection=\count336
\c@subsubsection=\count337
) (/usr/local/texlive/2025basic/texmf-dist/tex/latex/beamer/beamerbaseframe.sty
\beamer@framebox=\box68
\beamer@frametitlebox=\box69
\beamer@zoombox=\box70
\beamer@zoomcount=\count338
\beamer@zoomframecount=\count339
\beamer@frametextheight=\dimen279
\c@subsectionslide=\count340
\beamer@frametopskip=\skip53
\beamer@framebottomskip=\skip54
\beamer@frametopskipautobreak=\skip55
\beamer@framebottomskipautobreak=\skip56
\beamer@envbody=\toks30
\framewidth=\dimen280
\c@framenumber=\count341
)
(/usr/local/texlive/2025basic/texmf-dist/tex/latex/beamer/beamerbaseverbatim.st
y
\beamer@verbatimfileout=\write4
)
(/usr/local/texlive/2025basic/texmf-dist/tex/latex/beamer/beamerbaseframesize.s
ty
\beamer@splitbox=\box71
\beamer@autobreakcount=\count342
\beamer@autobreaklastheight=\dimen281
\beamer@frametitletoks=\toks31
\beamer@framesubtitletoks=\toks32
)
(/usr/local/texlive/2025basic/texmf-dist/tex/latex/beamer/beamerbaseframecompon
ents.sty
\beamer@colheight=\skip57
\beamer@footins=\box72
)
(/usr/local/texlive/2025basic/texmf-dist/tex/latex/beamer/beamerbasecolor.sty)
(/usr/local/texlive/2025basic/texmf-dist/tex/latex/beamer/beamerbasenotes.sty
\beamer@frameboxcopy=\box73
)
(/usr/local/texlive/2025basic/texmf-dist/tex/latex/beamer/beamerbasetoc.sty)
(/usr/local/texlive/2025basic/texmf-dist/tex/latex/beamer/beamerbasetemplates.s
ty
\beamer@sbttoks=\toks33

(/usr/local/texlive/2025basic/texmf-dist/tex/latex/beamer/beamerbaseauxtemplate
s.sty
(/usr/local/texlive/2025basic/texmf-dist/tex/latex/beamer/beamerbaseboxes.sty
\bmb@box=\box74
\bmb@colorbox=\box75
\bmb@boxwidth=\dimen282
\bmb@boxheight=\dimen283
\bmb@prevheight=\dimen284
\bmb@temp=\dimen285
\bmb@dima=\dimen286
\bmb@dimb=\dimen287
\bmb@prevheight=\dimen288
)
\beamer@blockheadheight=\dimen289
))
(/usr/local/texlive/2025basic/texmf-dist/tex/latex/beamer/beamerbaselocalstruct
ure.sty (/usr/local/texlive/2025basic/texmf-dist/tex/latex/tools/enumerate.sty
Package: enumerate 2023/07/04 v3.00 enumerate extensions (DPC)
\@enLab=\toks34
)
\beamer@bibiconwidth=\skip58
\c@figure=\count343
\c@table=\count344
\abovecaptionskip=\skip59
\belowcaptionskip=\skip60
)
(/usr/local/texlive/2025basic/texmf-dist/tex/latex/beamer/beamerbasenavigation.
sty
(/usr/local/texlive/2025basic/texmf-dist/tex/latex/beamer/beamerbasenavigations
ymbols.tex)
\beamer@section@min@dim=\dimen290
)
(/usr/local/texlive/2025basic/texmf-dist/tex/latex/beamer/beamerbasetheorems.st
y (/usr/local/texlive/2025basic/texmf-dist/tex/latex/amsmath/amsmath.sty
Package: amsmath 2025/07/09 v2.17z AMS math features
\@mathmargin=\skip61

For additional information on amsmath, use the `?' option.
(/usr/local/texlive/2025basic/texmf-dist/tex/latex/amsmath/amstext.sty
Package: amstext 2024/11/17 v2.01 AMS text

(/usr/local/texlive/2025basic/texmf-dist/tex/latex/amsmath/amsgen.sty
File: amsgen.sty 1999/11/30 v2.0 generic functions
\@emptytoks=\toks35
\ex@=\dimen291
))
(/usr/local/texlive/2025basic/texmf-dist/tex/latex/amsmath/amsbsy.sty
Package: amsbsy 1999/11/29 v1.2d Bold Symbols
\pmbraise@=\dimen292
)
(/usr/local/texlive/2025basic/texmf-dist/tex/latex/amsmath/amsopn.sty
Package: amsopn 2022/04/08 v2.04 operator names
)
\inf@bad=\count345
LaTeX Info: Redefining \frac on input line 233.
\uproot@=\count346
\leftroot@=\count347
LaTeX Info: Redefining \overline on input line 398.
LaTeX Info: Redefining \colon on input line 409.
\classnum@=\count348
\DOTSCASE@=\count349
LaTeX Info: Redefining \ldots on input line 495.
LaTeX Info: Redefining \dots on input line 498.
LaTeX Info: Redefining \cdots on input line 619.
\Mathstrutbox@=\box76
\strutbox@=\box77
LaTeX Info: Redefining \big on input line 721.
LaTeX Info: Redefining \Big on input line 722.
LaTeX Info: Redefining \bigg on input line 723.
LaTeX Info: Redefining \Bigg on input line 724.
\big@size=\dimen293
LaTeX Font Info:    Redeclaring font encoding OML on input line 742.
LaTeX Font Info:    Redeclaring font encoding OMS on input line 743.
\macc@depth=\count350
LaTeX Info: Redefining \bmod on input line 904.
LaTeX Info: Redefining \pmod on input line 909.
LaTeX Info: Redefining \smash on input line 939.
LaTeX Info: Redefining \relbar on input line 969.
LaTeX Info: Redefining \Relbar on input line 970.
\c@MaxMatrixCols=\count351
\dotsspace@=\muskip18
\c@parentequation=\count352
\dspbrk@lvl=\count353
\tag@help=\toks36
\row@=\count354
\column@=\count355
\maxfields@=\count356
\andhelp@=\toks37
\eqnshift@=\dimen294
\alignsep@=\dimen295
\tagshift@=\dimen296
\tagwidth@=\dimen297
\totwidth@=\dimen298
\lineht@=\dimen299
\@envbody=\toks38
\multlinegap=\skip62
\multlinetaggap=\skip63
\mathdisplay@stack=\toks39
LaTeX Info: Redefining \[ on input line 2950.
LaTeX Info: Redefining \] on input line 2951.
)
(/usr/local/texlive/2025basic/texmf-dist/tex/latex/amscls/amsthm.sty
Package: amsthm 2020/05/29 v2.20.6
\thm@style=\toks40
\thm@bodyfont=\toks41
\thm@headfont=\toks42
\thm@notefont=\toks43
\thm@headpunct=\toks44
\thm@preskip=\skip64
\thm@postskip=\skip65
\thm@headsep=\skip66
\dth@everypar=\toks45
)
\c@theorem=\count357
)
(/usr/local/texlive/2025basic/texmf-dist/tex/latex/beamer/beamerbasethemes.sty)
)
(/usr/local/texlive/2025basic/texmf-dist/tex/latex/beamer/beamerthemedefault.st
y
(/usr/local/texlive/2025basic/texmf-dist/tex/latex/beamer/beamerfontthemedefaul
t.sty)
(/usr/local/texlive/2025basic/texmf-dist/tex/latex/beamer/beamercolorthemedefau
lt.sty)
(/usr/local/texlive/2025basic/texmf-dist/tex/latex/beamer/beamerinnerthemedefau
lt.sty
\beamer@dima=\dimen300
\beamer@dimb=\dimen301
)
(/usr/local/texlive/2025basic/texmf-dist/tex/latex/beamer/beamerouterthemedefau
lt.sty))) (/usr/local/texlive/2025basic/texmf-dist/tex/latex/base/fontenc.sty
Package: fontenc 2025/07/18 v2.1d Standard LaTeX package
)
(/usr/local/texlive/2025basic/texmf-dist/tex/latex/fourier/fourier.sty
Package: fourier 2024/09/08 2.4 fourier-GUTenberg package
Now handling font encoding FML ...
... no UTF-8 mapping file for font encoding FML
Now handling font encoding FMS ...
... no UTF-8 mapping file for font encoding FMS
Now handling font encoding FMX ...
... no UTF-8 mapping file for font encoding FMX

(/usr/local/texlive/2025basic/texmf-dist/tex/latex/base/fontenc.sty
Package: fontenc 2025/07/18 v2.1d Standard LaTeX package
LaTeX Font Info:    Trying to load font information for T1+futs on input line 1
16.

(/usr/local/texlive/2025basic/texmf-dist/tex/latex/fourier/t1futs.fd
File: t1futs.fd 2004/03/02 Fontinst v1.926 font definitions for T1/futs.
))
(/usr/local/texlive/2025basic/texmf-dist/tex/latex/base/textcomp.sty
Package: textcomp 2024/04/24 v2.1b Standard LaTeX package
)
(/usr/local/texlive/2025basic/texmf-dist/tex/latex/fourier/fourier-orns.sty
Package: fourier-orns 2024/09/08 2.4 fourier-ornaments package
)
LaTeX Font Info:    Redeclaring symbol font `operators' on input line 64.
LaTeX Font Info:    Encoding `OT1' has changed to `T1' for symbol font
(Font)              `operators' in the math version `normal' on input line 64.
LaTeX Font Info:    Overwriting symbol font `operators' in version `normal'
(Font)                  OT1/cmr/m/n --> T1/futs/m/n on input line 64.
LaTeX Font Info:    Encoding `OT1' has changed to `T1' for symbol font
(Font)              `operators' in the math version `bold' on input line 64.
LaTeX Font Info:    Overwriting symbol font `operators' in version `bold'
(Font)                  OT1/cmr/bx/n --> T1/futs/m/n on input line 64.
LaTeX Font Info:    Overwriting symbol font `operators' in version `bold'
(Font)                  T1/futs/m/n --> T1/futs/b/n on input line 65.
LaTeX Font Info:    Redeclaring symbol font `letters' on input line 73.
LaTeX Font Info:    Encoding `OML' has changed to `FML' for symbol font
(Font)              `letters' in the math version `normal' on input line 73.
LaTeX Font Info:    Overwriting symbol font `letters' in version `normal'
(Font)                  OML/cmm/m/it --> FML/futmi/m/it on input line 73.
LaTeX Font Info:    Encoding `OML' has changed to `FML' for symbol font
(Font)              `letters' in the math version `bold' on input line 73.
LaTeX Font Info:    Overwriting symbol font `letters' in version `bold'
(Font)                  OML/cmm/b/it --> FML/futmi/m/it on input line 73.
\symotherletters=\mathgroup6
LaTeX Font Info:    Overwriting symbol font `letters' in version `bold'
(Font)                  FML/futmi/m/it --> FML/futmi/b/it on input line 75.
LaTeX Font Info:    Overwriting symbol font `otherletters' in version `bold'
(Font)                  FML/futm/m/it --> FML/futm/b/it on input line 76.
LaTeX Font Info:    Redeclaring math symbol \Gamma on input line 77.
LaTeX Font Info:    Redeclaring math symbol \Delta on input line 78.
LaTeX Font Info:    Redeclaring math symbol \Theta on input line 79.
LaTeX Font Info:    Redeclaring math symbol \Lambda on input line 80.
LaTeX Font Info:    Redeclaring math symbol \Xi on input line 81.
LaTeX Font Info:    Redeclaring math symbol \Pi on input line 82.
LaTeX Font Info:    Redeclaring math symbol \Sigma on input line 83.
LaTeX Font Info:    Redeclaring math symbol \Upsilon on input line 84.
LaTeX Font Info:    Redeclaring math symbol \Phi on input line 85.
LaTeX Font Info:    Redeclaring math symbol \Psi on input line 86.
LaTeX Font Info:    Redeclaring math symbol \Omega on input line 87.
LaTeX Font Info:    Redeclaring symbol font `symbols' on input line 127.
LaTeX Font Info:    Encoding `OMS' has changed to `FMS' for symbol font
(Font)              `symbols' in the math version `normal' on input line 127.
LaTeX Font Info:    Overwriting symbol font `symbols' in version `normal'
(Font)                  OMS/cmsy/m/n --> FMS/futm/m/n on input line 127.
LaTeX Font Info:    Encoding `OMS' has changed to `FMS' for symbol font
(Font)              `symbols' in the math version `bold' on input line 127.
LaTeX Font Info:    Overwriting symbol font `symbols' in version `bold'
(Font)                  OMS/cmsy/b/n --> FMS/futm/m/n on input line 127.
LaTeX Font Info:    Redeclaring symbol font `largesymbols' on input line 128.
LaTeX Font Info:    Encoding `OMX' has changed to `FMX' for symbol font
(Font)              `largesymbols' in the math version `normal' on input line 1
28.
LaTeX Font Info:    Overwriting symbol font `largesymbols' in version `normal'
(Font)                  OMX/cmex/m/n --> FMX/futm/m/n on input line 128.
LaTeX Font Info:    Encoding `OMX' has changed to `FMX' for symbol font
(Font)              `largesymbols' in the math version `bold' on input line 128
.
LaTeX Font Info:    Overwriting symbol font `largesymbols' in version `bold'
(Font)                  OMX/cmex/m/n --> FMX/futm/m/n on input line 128.
LaTeX Font Info:    Redeclaring math alphabet \mathbf on input line 129.
LaTeX Font Info:    Overwriting math alphabet `\mathbf' in version `normal'
(Font)                  OT1/cmr/bx/n --> T1/futs/bx/n on input line 129.
LaTeX Font Info:    Overwriting math alphabet `\mathbf' in version `bold'
(Font)                  OT1/cmr/bx/n --> T1/futs/bx/n on input line 129.
LaTeX Font Info:    Redeclaring math alphabet \mathrm on input line 130.
LaTeX Font Info:    Redeclaring math alphabet \mathit on input line 131.
LaTeX Font Info:    Overwriting math alphabet `\mathit' in version `normal'
(Font)                  OT1/cmr/m/it --> T1/futs/m/it on input line 131.
LaTeX Font Info:    Overwriting math alphabet `\mathit' in version `bold'
(Font)                  OT1/cmr/bx/it --> T1/futs/m/it on input line 131.
LaTeX Font Info:    Redeclaring math alphabet \mathcal on input line 132.
LaTeX Font Info:    Redeclaring math symbol \varkappa on input line 133.
LaTeX Font Info:    Redeclaring math symbol \leqslant on input line 139.
LaTeX Font Info:    Redeclaring math symbol \geqslant on input line 140.
LaTeX Font Info:    Redeclaring math symbol \vDash on input line 143.
LaTeX Font Info:    Redeclaring math symbol \blacktriangleleft on input line 14
4.
LaTeX Font Info:    Redeclaring math symbol \blacktriangleright on input line 1
45.
LaTeX Font Info:    Redeclaring math symbol \nleqslant on input line 146.
LaTeX Font Info:    Redeclaring math symbol \ngeqslant on input line 147.
LaTeX Font Info:    Redeclaring math symbol \parallel on input line 148.
LaTeX Font Info:    Redeclaring math symbol \nparallel on input line 149.
LaTeX Font Info:    Redeclaring math symbol \nvDash on input line 151.
LaTeX Font Info:    Redeclaring math symbol \intercal on input line 152.
LaTeX Font Info:    Redeclaring math symbol \hslash on input line 153.
LaTeX Font Info:    Redeclaring math symbol \nexists on input line 154.
LaTeX Font Info:    Redeclaring math symbol \complement on input line 155.
LaTeX Font Info:    Redeclaring math symbol \varsubsetneq on input line 156.
LaTeX Font Info:    Redeclaring math symbol \hbar on input line 162.
LaTeX Font Info:    Redeclaring math symbol \smallsetminus on input line 163.
LaTeX Font Info:    Redeclaring math symbol \subsetneqq on input line 164.
LaTeX Font Info:    Redeclaring math symbol \rightrightarrows on input line 165
.
LaTeX Font Info:    Redeclaring math symbol \leftleftarrows on input line 166.
LaTeX Font Info:    Redeclaring math symbol \square on input line 167.
LaTeX Font Info:    Redeclaring math symbol \curvearrowleft on input line 168.
LaTeX Font Info:    Redeclaring math symbol \curvearrowright on input line 169.

LaTeX Font Info:    Redeclaring math symbol \blacksquare on input line 170.
LaTeX Font Info:    Redeclaring math symbol \varkappa on input line 200.
LaTeX Font Info:    Redeclaring math symbol \varvarrho on input line 201.
LaTeX Font Info:    Redeclaring math delimiter \Vert on input line 224.
LaTeX Font Info:    Redeclaring math delimiter \vert on input line 229.
LaTeX Font Info:    Redeclaring math delimiter \lvert on input line 231.
LaTeX Font Info:    Redeclaring math delimiter \rvert on input line 233.
LaTeX Font Info:    Redeclaring math delimiter \lVert on input line 235.
LaTeX Font Info:    Redeclaring math delimiter \rVert on input line 237.
LaTeX Font Info:    Redeclaring math delimiter \Downarrow on input line 239.
LaTeX Font Info:    Redeclaring math delimiter \backslash on input line 241.
LaTeX Font Info:    Redeclaring math delimiter \rangle on input line 243.
LaTeX Font Info:    Redeclaring math delimiter \langle on input line 245.
LaTeX Font Info:    Redeclaring math delimiter \rbrace on input line 247.
LaTeX Font Info:    Redeclaring math delimiter \lbrace on input line 249.
LaTeX Font Info:    Redeclaring math delimiter \rceil on input line 251.
LaTeX Font Info:    Redeclaring math delimiter \lceil on input line 253.
LaTeX Font Info:    Redeclaring math delimiter \rfloor on input line 255.
LaTeX Font Info:    Redeclaring math delimiter \lfloor on input line 257.
LaTeX Font Info:    Redeclaring math accent \acute on input line 261.
LaTeX Font Info:    Redeclaring math accent \grave on input line 262.
LaTeX Font Info:    Redeclaring math accent \ddot on input line 263.
LaTeX Font Info:    Redeclaring math accent \tilde on input line 264.
LaTeX Font Info:    Redeclaring math accent \bar on input line 265.
LaTeX Font Info:    Redeclaring math accent \breve on input line 266.
LaTeX Font Info:    Redeclaring math accent \check on input line 267.
LaTeX Font Info:    Redeclaring math accent \hat on input line 268.
LaTeX Font Info:    Redeclaring math accent \dot on input line 269.
LaTeX Font Info:    Redeclaring math accent \mathring on input line 270.
\symUfutm=\mathgroup7
)
(/usr/local/texlive/2025basic/texmf-dist/tex/latex/textpos/textpos.sty
Package: textpos 2022/07/23 v1.10.1
Package textpos Info: choosing support for LaTeX3 on input line 60.
\TP@textbox=\box78
\TP@holdbox=\box79
\TPHorizModule=\dimen302
\TPVertModule=\dimen303
\TP@margin=\dimen304
\TP@absmargin=\dimen305

Grid set 16 x 16 = 28.45274pt x 16.00467pt
\TPboxrulesize=\dimen306
\TP@ox=\dimen307
\TP@oy=\dimen308
\TP@tbargs=\toks46
TextBlockOrigin set to 0pt x 0pt
) (/usr/local/texlive/2025basic/texmf-dist/tex/latex/base/latexsym.sty
Package: latexsym 1998/08/17 v2.2e Standard LaTeX package (lasy symbols)
\symlasy=\mathgroup8
LaTeX Font Info:    Overwriting symbol font `lasy' in version `bold'
(Font)                  U/lasy/m/n --> U/lasy/b/n on input line 52.
)
(/usr/local/texlive/2025basic/texmf-dist/tex/latex/tools/multicol.sty
Package: multicol 2025/10/21 v2.0b multicolumn formatting (FMi)
\c@tracingmulticols=\count358
\mult@box=\box80
\multicol@leftmargin=\dimen309
\c@unbalance=\count359
\c@collectmore=\count360
\doublecol@number=\count361
\multicoltolerance=\count362
\multicolpretolerance=\count363
\full@width=\dimen310
\page@free=\dimen311
\premulticols=\dimen312
\postmulticols=\dimen313
\multicolsep=\skip67
\multicolbaselineskip=\skip68
\partial@page=\box81
\last@line=\box82
\mc@boxedresult=\box83
\maxbalancingoverflow=\dimen314
\mult@rightbox=\box84
\mult@grightbox=\box85
\mult@firstbox=\box86
\mult@gfirstbox=\box87
\@tempa=\box88
\@tempa=\box89
\@tempa=\box90
\@tempa=\box91
\@tempa=\box92
\@tempa=\box93
\@tempa=\box94
\@tempa=\box95
\@tempa=\box96
\@tempa=\box97
\@tempa=\box98
\@tempa=\box99
\@tempa=\box100
\@tempa=\box101
\@tempa=\box102
\@tempa=\box103
\@tempa=\box104
\@tempa=\box105
\@tempa=\box106
\@tempa=\box107
\@tempa=\box108
\@tempa=\box109
\@tempa=\box110
\@tempa=\box111
\@tempa=\box112
\@tempa=\box113
\@tempa=\box114
\@tempa=\box115
\@tempa=\box116
\@tempa=\box117
\@tempa=\box118
\@tempa=\box119
\@tempa=\box120
\@tempa=\box121
\@tempa=\box122
\@tempa=\box123
\c@minrows=\count364
\c@columnbadness=\count365
\c@finalcolumnbadness=\count366
\last@try=\dimen315
\multicolovershoot=\dimen316
\multicolundershoot=\dimen317
\mult@nat@firstbox=\box124
\colbreak@box=\box125
\mc@col@check@num=\count367
\g__mc_curr_col_int=\count368
)
(/usr/local/texlive/2025basic/texmf-dist/tex/latex/booktabs/booktabs.sty
Package: booktabs 2020/01/12 v1.61803398 Publication quality tables
\heavyrulewidth=\dimen318
\lightrulewidth=\dimen319
\cmidrulewidth=\dimen320
\belowrulesep=\dimen321
\belowbottomsep=\dimen322
\aboverulesep=\dimen323
\abovetopsep=\dimen324
\cmidrulesep=\dimen325
\cmidrulekern=\dimen326
\defaultaddspace=\dimen327
\@cmidla=\count369
\@cmidlb=\count370
\@aboverulesep=\dimen328
\@belowrulesep=\dimen329
\@thisruleclass=\count371
\@lastruleclass=\count372
\@thisrulewidth=\dimen330
)
(/usr/local/texlive/2025basic/texmf-dist/tex/latex/fundus-calligra/calligra.sty
Package: calligra 2012/04/10 v1.9 LaTeX package calligra
) (/usr/local/texlive/2025basic/texmf-dist/tex/latex/pstricks/pstricks.sty
Package: pstricks 2024/02/02 v0.75 LaTeX wrapper for `PSTricks' (RN,HV)

(/usr/local/texlive/2025basic/texmf-dist/tex/generic/xkeyval/pst-xkey.tex
File: pst-xkey.tex 2005/11/25 v1.6 PSTricks specialization of xkeyval (HA)

(/usr/local/texlive/2025basic/texmf-dist/tex/latex/xkeyval/xkeyval.sty
Package: xkeyval 2025/11/04 v2.10 package option processing (HA)

(/usr/local/texlive/2025basic/texmf-dist/tex/generic/xkeyval/xkeyval.tex
(/usr/local/texlive/2025basic/texmf-dist/tex/generic/xkeyval/xkvutils.tex
\XKV@toks=\toks47
\XKV@tempa@toks=\toks48
\XKV@tempb@toks=\toks49
)
\XKV@depth=\count373
File: xkeyval.tex 2014/12/03 v2.7a key=value parser (HA)
)))
(/usr/local/texlive/2025basic/texmf-dist/tex/generic/pstricks/pstricks.tex
(/usr/local/texlive/2025basic/texmf-dist/tex/generic/pstricks/pst-fp.tex
`pst-fp' v0.06, 2020/11/20 (hv)
\pstFP@xs=\count374
\pstFP@xia=\count375
\pstFP@xib=\count376
\pstFP@xfa=\count377
\pstFP@xfb=\count378
\pstFP@rega=\count379
\pstFP@regb=\count380
\pstFP@regs=\count381
\pstFP@times=\count382
)
\psLoopIndex=\count383

`PSTricks' v3.22  <2025/06/11> (tvz,hv)
\pst@dima=\dimen331
\pst@dimb=\dimen332
\pst@dimc=\dimen333
\pst@dimd=\dimen334
\pst@dimg=\dimen335
\pst@dimh=\dimen336
\pst@dimm=\dimen337
\pst@dimn=\dimen338
\pst@dimo=\dimen339
\pst@dimp=\dimen340
\pst@hbox=\box126
\pst@ibox=\box127
\pst@boxg=\box128
\pst@cnta=\count384
\pst@cntb=\count385
\pst@cntc=\count386
\pst@cntd=\count387
\pst@cntg=\count388
\pst@cnth=\count389
\pst@cntm=\count390
\pst@cntn=\count391
\pst@cnto=\count392
\pst@cntp=\count393
\@zero=\count394
\pst@toks=\toks50
--- We are running latex or xelatex ---
(/usr/local/texlive/2025basic/texmf-dist/tex/generic/pstricks/pstricks.con)
(/usr/local/texlive/2025basic/texmf-dist/tex/generic/pstricks/pstricks-color.te
x)
\psunit=\dimen341
\psxunit=\dimen342
\psyunit=\dimen343
\pst@C@@rType=\count395
\pslinewidth=\dimen344
\psk@startLW=\dimen345
\psk@endLW=\dimen346

(/usr/local/texlive/2025basic/texmf-dist/tex/generic/pstricks/pstricks-arrows.t
ex
\pshooklength=\dimen347
\pshookwidth=\dimen348
)
\pst@customdefs=\toks51

(/usr/local/texlive/2025basic/texmf-dist/tex/generic/pstricks/pstricks-dots.tex
)
\pslinearc=\dimen349
\pst@symbolStep=\dimen350
\pst@symbolWidth=\dimen351
\pst@symbolLinewidth=\dimen352

(/usr/local/texlive/2025basic/texmf-dist/tex/generic/pstricks/pst-code-grid.tex
)
(/usr/local/texlive/2025basic/texmf-dist/tex/generic/pstricks/pst-code-box.tex
\everypsbox=\toks52
\psframesep=\dimen353
) (/usr/local/texlive/2025basic/texmf-dist/tex/generic/pstricks/pst-code-arc.te
x)
(/usr/local/texlive/2025basic/texmf-dist/tex/generic/pstricks/pst-code-circle_e
llipse.tex)
(/usr/local/texlive/2025basic/texmf-dist/tex/generic/pstricks/pst-code-ref_rot.
tex)
(/usr/local/texlive/2025basic/texmf-dist/tex/generic/pstricks/pst-code-put.tex
\pslabelsep=\dimen354
)
(/usr/local/texlive/2025basic/texmf-dist/tex/generic/pstricks/pst-code-pspictur
e.tex
\sh@wgridXunit=\dimen355
\sh@wgridYunit=\dimen356
\pst@shift=\dimen357
\ps@imagectr=\count396
)
(/usr/local/texlive/2025basic/texmf-dist/tex/generic/pstricks/pstricks.con))
File: pstricks.tex 2025/06/11 v3.22 `PSTricks' (tvz,hv)

(/usr/local/texlive/2025basic/texmf-dist/tex/generic/pstricks/pst-fp.tex
`pst-fp' v0.06, 2020/11/20 (hv))
File: pst-fp.tex 2020/11/20 v0.06 `PST-fp' (hv)
)
(/usr/local/texlive/2025basic/texmf-dist/tex/latex/listings/listings.sty
\lst@mode=\count397
\lst@gtempboxa=\box129
\lst@token=\toks53
\lst@length=\count398
\lst@currlwidth=\dimen358
\lst@column=\count399
\lst@pos=\count400
\lst@lostspace=\dimen359
\lst@width=\dimen360
\lst@newlines=\count401
\lst@lineno=\count402
\lst@maxwidth=\dimen361

(/usr/local/texlive/2025basic/texmf-dist/tex/latex/listings/lstpatch.sty
File: lstpatch.sty 2025/11/14 1.11a (Carsten Heinz)
)
(/usr/local/texlive/2025basic/texmf-dist/tex/latex/listings/lstmisc.sty
File: lstmisc.sty 2025/11/14 1.11a (Carsten Heinz)
\c@lstnumber=\count403
\lst@skipnumbers=\count404
\lst@framebox=\box130
)
(/usr/local/texlive/2025basic/texmf-dist/tex/latex/listings/listings.cfg
File: listings.cfg 2025/11/14 1.11a listings configuration
))
Package: listings 2025/11/14 1.11a (Carsten Heinz)

==> First Aid for listings.sty no longer applied!
    Expected:
        2024/09/23 1.10c (Carsten Heinz)
    but found:
        2025/11/14 1.11a (Carsten Heinz)
    so I'm assuming it got fixed.
(/usr/local/texlive/2025basic/texmf-dist/tex/latex/stackengine/stackengine.sty
Package: stackengine 2021/07/22 v4.11\ Stacking text and objects in convenient 
ways

(/usr/local/texlive/2025basic/texmf-dist/tex/generic/listofitems/listofitems.st
y
(/usr/local/texlive/2025basic/texmf-dist/tex/generic/listofitems/listofitems.te
x
\loi_cnt_foreach_nest=\count405
\loi_nestcnt=\count406
)
Package: listofitems 2024/03/09 v1.65 Grab items in lists using user-specified 
sep char (CT)
) (/usr/local/texlive/2025basic/texmf-dist/tex/latex/tools/calc.sty
Package: calc 2025/03/01 v4.3b Infix arithmetic (KKT,FJ)
\calc@Acount=\count407
\calc@Bcount=\count408
\calc@Adimen=\dimen362
\calc@Bdimen=\dimen363
\calc@Askip=\skip69
\calc@Bskip=\skip70
LaTeX Info: Redefining \setlength on input line 86.
LaTeX Info: Redefining \addtolength on input line 87.
\calc@Ccount=\count409
\calc@Cskip=\skip71
)
\c@@stackindex=\count410
\@boxshift=\skip72
\stack@tmplength=\skip73
\temp@stkl=\skip74
\@stackedboxwidth=\skip75
\@addedbox=\box131
\@anchorbox=\box132
\@insetbox=\box133
\se@backgroundbox=\box134
\stackedbox=\box135
\@centerbox=\box136
\c@ROWcellindex@=\count411
)
(/usr/local/texlive/2025basic/texmf-dist/tex/latex/caption/caption.sty
Package: caption 2023/08/05 v3.6o Customizing captions (AR)

(/usr/local/texlive/2025basic/texmf-dist/tex/latex/caption/caption3.sty
Package: caption3 2023/07/31 v2.4d caption3 kernel (AR)
\caption@tempdima=\dimen364
\captionmargin=\dimen365
\caption@leftmargin=\dimen366
\caption@rightmargin=\dimen367
\caption@width=\dimen368
\caption@indent=\dimen369
\caption@parindent=\dimen370
\caption@hangindent=\dimen371
Package caption Info: beamer document class detected.

(/usr/local/texlive/2025basic/texmf-dist/tex/latex/caption/caption-beamer.sto
File: caption-beamer.sto 2022/01/06 v2.0c Adaption of the caption package to th
e beamer document classes (AR)
))
\c@caption@flags=\count412
\c@continuedfloat=\count413
Package caption Info: hyperref package is loaded.
Package caption Info: Hyperref support is turned off
(caption)             because hyperref has stopped early.
Package caption Info: listings package is loaded.
) (/usr/local/texlive/2025basic/texmf-dist/tex/latex/caption/subcaption.sty
Package: subcaption 2023/07/28 v1.6b Sub-captions (AR)
Package caption Info: New subtype `subfigure' on input line 238.
\c@subfigure=\count414
Package caption Info: New subtype `subtable' on input line 238.
\c@subtable=\count415
)
(/usr/local/texlive/2025basic/texmf-dist/tex/latex/lipsum/lipsum.sty
(/usr/local/texlive/2025basic/texmf-dist/tex/latex/l3packages/l3keys2e/l3keys2e
.sty (/usr/local/texlive/2025basic/texmf-dist/tex/latex/l3kernel/expl3.sty
Package: expl3 2025-11-06 L3 programming layer (loader) 

(/usr/local/texlive/2025basic/texmf-dist/tex/latex/l3backend/l3backend-pdftex.d
ef
File: l3backend-pdftex.def 2025-10-09 L3 backend support: PDF output (pdfTeX)
\l__color_backend_stack_int=\count416
))
Package: l3keys2e 2025-10-09 LaTeX2e option processing using LaTeX3 keys
)
Package: lipsum 2021-09-20 v2.7 150 paragraphs of Lorem Ipsum dummy text
\g__lipsum_par_int=\count417
\l__lipsum_a_int=\count418
\l__lipsum_b_int=\count419
 (/usr/local/texlive/2025basic/texmf-dist/tex/latex/lipsum/lipsum.ltd.tex)) (./
SUTstyle.sty
(/usr/local/texlive/2025basic/texmf-dist/tex/latex/beamer/beamerouterthemesmoot
hbars.sty)
(/usr/local/texlive/2025basic/texmf-dist/tex/latex/beamer/beamerinnerthemecircl
es.sty)) (./03-AlexNet_ResNet.aux)
\openout1 = `03-AlexNet_ResNet.aux'.

LaTeX Font Info:    Checking defaults for OML/cmm/m/it on input line 52.
LaTeX Font Info:    ... okay on input line 52.
LaTeX Font Info:    Checking defaults for OMS/cmsy/m/n on input line 52.
LaTeX Font Info:    ... okay on input line 52.
LaTeX Font Info:    Checking defaults for OT1/cmr/m/n on input line 52.
LaTeX Font Info:    ... okay on input line 52.
LaTeX Font Info:    Checking defaults for T1/cmr/m/n on input line 52.
LaTeX Font Info:    ... okay on input line 52.
LaTeX Font Info:    Checking defaults for TS1/cmr/m/n on input line 52.
LaTeX Font Info:    ... okay on input line 52.
LaTeX Font Info:    Checking defaults for OMX/cmex/m/n on input line 52.
LaTeX Font Info:    ... okay on input line 52.
LaTeX Font Info:    Checking defaults for U/cmr/m/n on input line 52.
LaTeX Font Info:    ... okay on input line 52.
LaTeX Font Info:    Checking defaults for PD1/pdf/m/n on input line 52.
LaTeX Font Info:    ... okay on input line 52.
LaTeX Font Info:    Checking defaults for PU/pdf/m/n on input line 52.
LaTeX Font Info:    ... okay on input line 52.
LaTeX Font Info:    Checking defaults for FML/futm/m/it on input line 52.
LaTeX Font Info:    Trying to load font information for FML+futm on input line 
52.

(/usr/local/texlive/2025basic/texmf-dist/tex/latex/fourier/fmlfutm.fd
File: fmlfutm.fd 2004/10/30 Fontinst v1.926 font definitions for FML/futm.
)
LaTeX Font Info:    ... okay on input line 52.
LaTeX Font Info:    Checking defaults for FMS/futm/m/n on input line 52.
LaTeX Font Info:    Trying to load font information for FMS+futm on input line 
52.

(/usr/local/texlive/2025basic/texmf-dist/tex/latex/fourier/fmsfutm.fd
File: fmsfutm.fd 2004/10/30 Fontinst v1.926 font definitions for FMS/futm.
)
LaTeX Font Info:    ... okay on input line 52.
LaTeX Font Info:    Checking defaults for FMX/futm/m/n on input line 52.
LaTeX Font Info:    Trying to load font information for FMX+futm on input line 
52.

(/usr/local/texlive/2025basic/texmf-dist/tex/latex/fourier/fmxfutm.fd
File: fmxfutm.fd futm-extension
)
LaTeX Font Info:    ... okay on input line 52.

*geometry* driver: auto-detecting
*geometry* detected driver: pdftex
*geometry* verbose mode - [ preamble ] result:
* driver: pdftex
* paper: custom
* layout: <same size as paper>
* layoutoffset:(h,v)=(0.0pt,0.0pt)
* modes: includehead includefoot 
* h-part:(L,W,R)=(28.45274pt, 398.3386pt, 28.45274pt)
* v-part:(T,H,B)=(0.0pt, 256.0748pt, 0.0pt)
* \paperwidth=455.24408pt
* \paperheight=256.0748pt
* \textwidth=398.3386pt
* \textheight=227.62207pt
* \oddsidemargin=-43.81725pt
* \evensidemargin=-43.81725pt
* \topmargin=-72.26999pt
* \headheight=14.22636pt
* \headsep=0.0pt
* \topskip=11.0pt
* \footskip=14.22636pt
* \marginparwidth=4.0pt
* \marginparsep=10.0pt
* \columnsep=10.0pt
* \skip\footins=10.0pt plus 4.0pt minus 2.0pt
* \hoffset=0.0pt
* \voffset=0.0pt
* \mag=1000
* \@twocolumnfalse
* \@twosidefalse
* \@mparswitchfalse
* \@reversemarginfalse
* (1in=72.27pt=25.4mm, 1cm=28.453pt)

(/usr/local/texlive/2025basic/texmf-dist/tex/context/base/mkii/supp-pdf.mkii
[Loading MPS to PDF converter (version 2006.09.02).]
\scratchcounter=\count420
\scratchdimen=\dimen372
\scratchbox=\box137
\nofMPsegments=\count421
\nofMParguments=\count422
\everyMPshowfont=\toks54
\MPscratchCnt=\count423
\MPscratchDim=\dimen373
\MPnumerator=\count424
\makeMPintoPDFobject=\count425
\everyMPtoPDFconversion=\toks55
)
(/usr/local/texlive/2025basic/texmf-dist/tex/latex/epstopdf-pkg/epstopdf-base.s
ty
Package: epstopdf-base 2020-01-24 v2.11 Base part for package epstopdf
Package epstopdf-base Info: Redefining graphics rule for `.eps' on input line 4
85.

(/usr/local/texlive/2025basic/texmf-dist/tex/latex/latexconfig/epstopdf-sys.cfg
File: epstopdf-sys.cfg 2010/07/13 v1.3 Configuration of (r)epstopdf for TeX Liv
e
))
Package hyperref Info: Link coloring OFF on input line 52.
 (./03-AlexNet_ResNet.out) (./03-AlexNet_ResNet.out)
\@outlinefile=\write5
\openout5 = `03-AlexNet_ResNet.out'.

\symnumbers=\mathgroup9
\sympureletters=\mathgroup10
LaTeX Font Info:    Overwriting math alphabet `\mathrm' in version `normal'
(Font)                  T1/futs/m/n --> T1/futs/m/n on input line 52.
LaTeX Font Info:    Redeclaring math alphabet \mathbf on input line 52.
LaTeX Font Info:    Overwriting math alphabet `\mathbf' in version `normal'
(Font)                  T1/futs/bx/n --> T1/futs/b/n on input line 52.
LaTeX Font Info:    Overwriting math alphabet `\mathbf' in version `bold'
(Font)                  T1/futs/bx/n --> T1/futs/b/n on input line 52.
LaTeX Font Info:    Redeclaring math alphabet \mathsf on input line 52.
LaTeX Font Info:    Overwriting math alphabet `\mathsf' in version `normal'
(Font)                  OT1/cmss/m/n --> T1/cmss/m/n on input line 52.
LaTeX Font Info:    Overwriting math alphabet `\mathsf' in version `bold'
(Font)                  OT1/cmss/bx/n --> T1/cmss/m/n on input line 52.
LaTeX Font Info:    Redeclaring math alphabet \mathit on input line 52.
LaTeX Font Info:    Overwriting math alphabet `\mathit' in version `normal'
(Font)                  T1/futs/m/it --> T1/futs/m/it on input line 52.
LaTeX Font Info:    Overwriting math alphabet `\mathit' in version `bold'
(Font)                  T1/futs/m/it --> T1/futs/m/it on input line 52.
LaTeX Font Info:    Redeclaring math alphabet \mathtt on input line 52.
LaTeX Font Info:    Overwriting math alphabet `\mathtt' in version `normal'
(Font)                  OT1/cmtt/m/n --> T1/cmtt/m/n on input line 52.
LaTeX Font Info:    Overwriting math alphabet `\mathtt' in version `bold'
(Font)                  OT1/cmtt/m/n --> T1/cmtt/m/n on input line 52.
LaTeX Font Info:    Overwriting symbol font `numbers' in version `bold'
(Font)                  T1/futs/m/n --> T1/futs/b/n on input line 52.
LaTeX Font Info:    Overwriting symbol font `pureletters' in version `bold'
(Font)                  T1/futs/m/it --> T1/futs/b/it on input line 52.
LaTeX Font Info:    Overwriting math alphabet `\mathrm' in version `bold'
(Font)                  T1/futs/m/n --> T1/futs/b/n on input line 52.
LaTeX Font Info:    Overwriting math alphabet `\mathbf' in version `bold'
(Font)                  T1/futs/b/n --> T1/futs/b/n on input line 52.
LaTeX Font Info:    Overwriting math alphabet `\mathsf' in version `bold'
(Font)                  T1/cmss/m/n --> T1/cmss/b/n on input line 52.
LaTeX Font Info:    Overwriting math alphabet `\mathit' in version `bold'
(Font)                  T1/futs/m/it --> T1/futs/b/it on input line 52.
LaTeX Font Info:    Overwriting math alphabet `\mathtt' in version `bold'
(Font)                  T1/cmtt/m/n --> T1/cmtt/b/n on input line 52.

(/usr/local/texlive/2025basic/texmf-dist/tex/latex/translator/translator-basic-
dictionary-English.dict
Dictionary: translator-basic-dictionary, Language: English 
)
(/usr/local/texlive/2025basic/texmf-dist/tex/latex/translator/translator-biblio
graphy-dictionary-English.dict
Dictionary: translator-bibliography-dictionary, Language: English 
)
(/usr/local/texlive/2025basic/texmf-dist/tex/latex/translator/translator-enviro
nment-dictionary-English.dict
Dictionary: translator-environment-dictionary, Language: English 
)
(/usr/local/texlive/2025basic/texmf-dist/tex/latex/translator/translator-months
-dictionary-English.dict
Dictionary: translator-months-dictionary, Language: English 
)
(/usr/local/texlive/2025basic/texmf-dist/tex/latex/translator/translator-number
s-dictionary-English.dict
Dictionary: translator-numbers-dictionary, Language: English 
)
(/usr/local/texlive/2025basic/texmf-dist/tex/latex/translator/translator-theore
m-dictionary-English.dict
Dictionary: translator-theorem-dictionary, Language: English 
)
LaTeX Font Info:    Redeclaring math accent \widehat on input line 52.
LaTeX Font Info:    Redeclaring math accent \widetilde on input line 52.
\c@lstlisting=\count426
Package caption Info: Begin \AtBeginDocument code.
Package caption Info: End \AtBeginDocument code.
 (./03-AlexNet_ResNet.nav)
<pic/sharif-main-logo.png, id=183, 200.75pt x 200.75pt>
File: pic/sharif-main-logo.png Graphic file (type png)
<use pic/sharif-main-logo.png>
Package pdftex.def Info: pic/sharif-main-logo.png  used on input line 62.
(pdftex.def)             Requested size: 50.18736pt x 50.18736pt.
 [1
Non-PDF special ignored!
<special> header=pstricks.pro
Non-PDF special ignored!
<special> header=pst-algparser.pro
Non-PDF special ignored!
<special> header=pst-tools.pro
Non-PDF special ignored!
<special> header=pst-dots.pro
{/usr/local/texlive/2025basic/texmf-var/fonts/map/pdftex/updmap/pdftex.map}{/us
r/local/texlive/2025basic/texmf-dist/fonts/enc/dvips/base/8r.enc}


Non-PDF special ignored!
<special> ps: /pssetRGBcolor /setrgbcolor load def /pssetCMYKcolor /setcmyk...
Non-PDF special ignored!
<special> ps:tx@Dict begin  gsave STV CP T /ps@rot 0 def grestore  end
Non-PDF special ignored!
<special> ps:tx@Dict begin  gsave STV CP T /ps@refangle 0.  def grestore  e...
 <./pic/sharif-main-logo.png>] (./03-AlexNet_ResNet.toc) [2

]
(./03-AlexNet_ResNet.toc) [3

]
<pic/mlp.png, id=733, 501.875pt x 372.39125pt>
File: pic/mlp.png Graphic file (type png)
<use pic/mlp.png>
Package pdftex.def Info: pic/mlp.png  used on input line 86.
(pdftex.def)             Requested size: 150.56366pt x 111.71823pt.

Overfull \hbox (8.29988pt too wide) in paragraph at lines 86--86
[][]  
 []

LaTeX Font Info:    Trying to load font information for FML+futmi on input line
 86.
(/usr/local/texlive/2025basic/texmf-dist/tex/latex/fourier/fmlfutmi.fd
File: fmlfutmi.fd 2004/10/30 Fontinst v1.926 font definitions for FML/futmi.
)
LaTeX Font Info:    Font shape `FMX/futm/m/n' will be
(Font)              scaled to size 10.07397pt on input line 86.
LaTeX Font Info:    Font shape `FMX/futm/m/n' will be
(Font)              scaled to size 7.63599pt on input line 86.
LaTeX Font Info:    Font shape `FMX/futm/m/n' will be
(Font)              scaled to size 5.51999pt on input line 86.
LaTeX Font Info:    Trying to load font information for U+msa on input line 86.


(/usr/local/texlive/2025basic/texmf-dist/tex/latex/amsfonts/umsa.fd
File: umsa.fd 2013/01/14 v3.01 AMS symbols A
)
LaTeX Font Info:    Trying to load font information for U+msb on input line 86.


(/usr/local/texlive/2025basic/texmf-dist/tex/latex/amsfonts/umsb.fd
File: umsb.fd 2013/01/14 v3.01 AMS symbols B
)
LaTeX Font Info:    Font shape `U/futm/m/n' will be
(Font)              scaled to size 10.07397pt on input line 86.
LaTeX Font Info:    Font shape `U/futm/m/n' will be
(Font)              scaled to size 7.63599pt on input line 86.
LaTeX Font Info:    Font shape `U/futm/m/n' will be
(Font)              scaled to size 5.51999pt on input line 86.
LaTeX Font Info:    Trying to load font information for U+lasy on input line 86
.

(/usr/local/texlive/2025basic/texmf-dist/tex/latex/base/ulasy.fd
File: ulasy.fd 1998/08/17 v2.2e LaTeX symbol font definitions
)
LaTeX Font Info:    Font shape `FMX/futm/m/n' will be
(Font)              scaled to size 9.19998pt on input line 86.
LaTeX Font Info:    Font shape `FMX/futm/m/n' will be
(Font)              scaled to size 6.99199pt on input line 86.
LaTeX Font Info:    Font shape `U/futm/m/n' will be
(Font)              scaled to size 9.19998pt on input line 86.
LaTeX Font Info:    Font shape `U/futm/m/n' will be
(Font)              scaled to size 6.99199pt on input line 86.
 [4

 <./pic/mlp.png>]
<pic/depth_sep_relu.png, id=895, 484.9317pt x 369.2997pt>
File: pic/depth_sep_relu.png Graphic file (type png)
<use pic/depth_sep_relu.png>
Package pdftex.def Info: pic/depth_sep_relu.png  used on input line 129.
(pdftex.def)             Requested size: 145.48062pt x 110.79076pt.

Overfull \hbox (3.21684pt too wide) in paragraph at lines 129--129
 [] 
 []

[5

 <./pic/depth_sep_relu.png>]
<pic/saw.png, id=1056, 608.5134pt x 494.3268pt>
File: pic/saw.png Graphic file (type png)
<use pic/saw.png>
Package pdftex.def Info: pic/saw.png  used on input line 143.
(pdftex.def)             Requested size: 182.55542pt x 148.29918pt.

Overfull \hbox (40.29164pt too wide) in paragraph at lines 143--143
[][]  
 []

<pic/2h.png, id=1057, 6245.3325pt x 2563.5775pt>
File: pic/2h.png Graphic file (type png)
<use pic/2h.png>
Package pdftex.def Info: pic/2h.png  used on input line 143.
(pdftex.def)             Requested size: 170.71652pt x 70.05853pt.
[6

 <./pic/2h.png> <./pic/saw.png>] (./03-AlexNet_ResNet.toc) [7

]
<pic/alexnet.png, id=1382, 846.16125pt x 278.03876pt>
File: pic/alexnet.png Graphic file (type png)
<use pic/alexnet.png>
Package pdftex.def Info: pic/alexnet.png  used on input line 167.
(pdftex.def)             Requested size: 167.87108pt x 55.15704pt.

Overfull \hbox (25.6073pt too wide) in paragraph at lines 167--167
[][]  
 []

[8

 <./pic/alexnet.png>]
<pic/alexnet_annot.png, id=1541, 1110.1475pt x 549.05125pt>
File: pic/alexnet_annot.png Graphic file (type png)
<use pic/alexnet_annot.png>
Package pdftex.def Info: pic/alexnet_annot.png  used on input line 187.
(pdftex.def)             Requested size: 277.5362pt x 137.26247pt.
 [9

 <./pic/alexnet_annot.png>]
<pic/dropout.png, id=1700, 1501.61pt x 622.325pt>
File: pic/dropout.png Graphic file (type png)
<use pic/dropout.png>
Package pdftex.def Info: pic/dropout.png  used on input line 211.
(pdftex.def)             Requested size: 225.23178pt x 93.34471pt.

Overfull \hbox (21.90005pt too wide) in paragraph at lines 211--211
[][]
 []


Underfull \hbox (badness 10000) in paragraph at lines 211--211

 []

[10

 <./pic/dropout.png>]
LaTeX Font Info:    Font shape `FMX/futm/m/n' will be
(Font)              scaled to size 8.27998pt on input line 238.
LaTeX Font Info:    Font shape `U/futm/m/n' will be
(Font)              scaled to size 8.27998pt on input line 238.
<pic/ReLU.png, id=1858, 415.5525pt x 422.57875pt>
File: pic/ReLU.png Graphic file (type png)
<use pic/ReLU.png>
Package pdftex.def Info: pic/ReLU.png  used on input line 238.
(pdftex.def)             Requested size: 124.6667pt x 126.7746pt.
 [11

 <./pic/ReLU.png>]
<pic/relu_faster.png, id=2017, 979.66pt x 491.8375pt>
File: pic/relu_faster.png Graphic file (type png)
<use pic/relu_faster.png>
Package pdftex.def Info: pic/relu_faster.png  used on input line 250.
(pdftex.def)             Requested size: 293.90027pt x 147.55238pt.
 [12

 <./pic/relu_faster.png>]
[13

] [14

] (./03-AlexNet_ResNet.toc) [15

]
<pic/resnet-chart.png, id=2655, 1323.94624pt x 696.6025pt>
File: pic/resnet-chart.png Graphic file (type png)
<use pic/resnet-chart.png>
Package pdftex.def Info: pic/resnet-chart.png  used on input line 299.
(pdftex.def)             Requested size: 330.98575pt x 174.15019pt.
 [16

 <./pic/resnet-chart.png>]
<pic/plain.png, id=2813, 1938.24126pt x 755.82375pt>
File: pic/plain.png Graphic file (type png)
<use pic/plain.png>
Package pdftex.def Info: pic/plain.png  used on input line 313.
(pdftex.def)             Requested size: 329.49666pt x 128.48833pt.

Overfull \vbox (1.87086pt too high) detected at line 313
 []

[17

 <./pic/plain.png>]
<pic/vanish.png, id=2971, 840.13875pt x 522.95375pt>
File: pic/vanish.png Graphic file (type png)
<use pic/vanish.png>
Package pdftex.def Info: pic/vanish.png  used on input line 329.
(pdftex.def)             Requested size: 193.22784pt x 120.27682pt.

Overfull \vbox (8.40938pt too high) detected at line 329
 []

[18

 <./pic/vanish.png>] [19

] [20

] [21

]
<pic/resBlock2.png, id=3602, 1049.9225pt x 536.0025pt>
File: pic/resBlock2.png Graphic file (type png)
<use pic/resBlock2.png>
Package pdftex.def Info: pic/resBlock2.png  used on input line 408.
(pdftex.def)             Requested size: 251.98654pt x 128.64322pt.
 [22

 <./pic/resBlock2.png>]
<pic/resBlock3.png, id=3761, 475.7775pt x 521.95pt>
File: pic/resBlock3.png Graphic file (type png)
<use pic/resBlock3.png>
Package pdftex.def Info: pic/resBlock3.png  used on input line 433.
(pdftex.def)             Requested size: 142.73434pt x 156.5862pt.

Overfull \hbox (0.47057pt too wide) in paragraph at lines 433--433
[][]  
 []

[23

 <./pic/resBlock3.png>]
<pic/res_arch.png, id=3920, 919.435pt x 766.865pt>
File: pic/res_arch.png Graphic file (type png)
<use pic/res_arch.png>
Package pdftex.def Info: pic/res_arch.png  used on input line 448.
(pdftex.def)             Requested size: 202.27632pt x 168.71082pt.

Overfull \hbox (60.01254pt too wide) in paragraph at lines 448--448
[][]  
 []

[24

 <./pic/res_arch.png>]
<pic/res_arch3.png, id=4079, 776.9025pt x 541.02126pt>
File: pic/res_arch3.png Graphic file (type png)
<use pic/res_arch3.png>
Package pdftex.def Info: pic/res_arch3.png  used on input line 464.
(pdftex.def)             Requested size: 209.76646pt x 146.07768pt.

Overfull \hbox (67.50269pt too wide) in paragraph at lines 464--464
[][]  
 []

[25

 <./pic/res_arch3.png>]
<pic/resBlock.png, id=4239, 661.47125pt x 848.16875pt>
File: pic/resBlock.png Graphic file (type png)
<use pic/resBlock.png>
Package pdftex.def Info: pic/resBlock.png  used on input line 480.
(pdftex.def)             Requested size: 152.13518pt x 195.0747pt.

Overfull \hbox (9.8714pt too wide) in paragraph at lines 480--480
[][]  
 []

[26

 <./pic/resBlock.png>]
<pic/ResNetExp.png, id=4397, 1810.765pt x 585.18625pt>
File: pic/ResNetExp.png Graphic file (type png)
<use pic/ResNetExp.png>
Package pdftex.def Info: pic/ResNetExp.png  used on input line 493.
(pdftex.def)             Requested size: 362.14659pt x 117.03517pt.
 [27

 <./pic/ResNetExp.png>] [28

] [29

]
(./03-AlexNet_ResNet.toc) [30

]
<pic/normaliz.png, id=5034, 1297.84875pt x 566.115pt>
File: pic/normaliz.png Graphic file (type png)
<use pic/normaliz.png>
Package pdftex.def Info: pic/normaliz.png  used on input line 537.
(pdftex.def)             Requested size: 389.35764pt x 169.8358pt.

Overfull \vbox (3.31168pt too high) detected at line 537
 []

[31

 <./pic/normaliz.png>] [32

]
<pic/zigzag.png, id=5351, 501.875pt x 543.02875pt>
File: pic/zigzag.png Graphic file (type png)
<use pic/zigzag.png>
Package pdftex.def Info: pic/zigzag.png  used on input line 575.
(pdftex.def)             Requested size: 150.56366pt x 162.90987pt.

Overfull \hbox (8.29988pt too wide) in paragraph at lines 575--575
[][]  
 []

[33

 <./pic/zigzag.png>]
<pic/poorcond.png, id=5510, 733.74126pt x 767.86874pt>
File: pic/poorcond.png Graphic file (type png)
<use pic/poorcond.png>
Package pdftex.def Info: pic/poorcond.png  used on input line 601.
(pdftex.def)             Requested size: 183.43486pt x 191.9667pt.

Overfull \hbox (41.17108pt too wide) in paragraph at lines 601--601
[][]  
 []

[34

 <./pic/poorcond.png>]
<pic/whiten.png, id=5669, 1040.88875pt x 445.665pt>
File: pic/whiten.png Graphic file (type png)
<use pic/whiten.png>
Package pdftex.def Info: pic/whiten.png  used on input line 613.
(pdftex.def)             Requested size: 364.31653pt x 155.98508pt.
 [35

 <./pic/whiten.png>] (./03-AlexNet_ResNet.toc)
[36

]
<pic/cnnaug.png, id=5992, 874.26625pt x 461.725pt>
File: pic/cnnaug.png Graphic file (type png)
<use pic/cnnaug.png>
Package pdftex.def Info: pic/cnnaug.png  used on input line 642.
(pdftex.def)             Requested size: 244.79288pt x 129.28212pt.

Overfull \hbox (102.5291pt too wide) in paragraph at lines 642--642
[][]  
 []

[37

 <./pic/cnnaug.png>]
<pic/jitter.png, id=6151, 795.97375pt x 526.96875pt>
File: pic/jitter.png Graphic file (type png)
<use pic/jitter.png>
Package pdftex.def Info: pic/jitter.png  used on input line 666.
(pdftex.def)             Requested size: 175.11476pt x 115.93347pt.

Overfull \hbox (4.39824pt too wide) in paragraph at lines 666--666
 [] 
 []

[38

 <./pic/jitter.png>]
<pic/crop.png, id=6316, 448.67625pt x 509.905pt>
File: pic/crop.png Graphic file (type png)
<use pic/crop.png>
Package pdftex.def Info: pic/crop.png  used on input line 687.
(pdftex.def)             Requested size: 125.6285pt x 142.77242pt.
 [39

 <./pic/crop.png>]
<pic/cutout.png, id=6475, 645.41125pt x 997.7275pt>
File: pic/cutout.png Graphic file (type png)
<use pic/cutout.png>
Package pdftex.def Info: pic/cutout.png  used on input line 705.
(pdftex.def)             Requested size: 116.169pt x 179.58319pt.
 [40

 <./pic/cutout.png>]
\openout4 = `03-AlexNet_ResNet.vrb'.


(./03-AlexNet_ResNet.vrb
(/usr/local/texlive/2025basic/texmf-dist/tex/latex/listings/lstlang1.sty
File: lstlang1.sty 2025/11/14 1.11a listings language file
)
LaTeX Font Info:    Font shape `T1/cmtt/bx/n' in size <10> not available
(Font)              Font shape `T1/cmtt/m/n' tried instead on input line 5.
<pic/Albumentations.png, id=6700, 3011.25pt x 673.51625pt>
File: pic/Albumentations.png Graphic file (type png)
<use pic/Albumentations.png>
Package pdftex.def Info: pic/Albumentations.png  used on input line 11.
(pdftex.def)             Requested size: 142.26378pt x 31.81764pt.
)
[41

{/usr/local/texlive/2025basic/texmf-dist/fonts/enc/dvips/cm-super/cm-super-t1.e
nc} <./pic/Albumentations.png>]
<pic/Albu_example.png, id=6863, 1104.125pt x 512.91624pt>
File: pic/Albu_example.png Graphic file (type png)
<use pic/Albu_example.png>
Package pdftex.def Info: pic/Albu_example.png  used on input line 751.
(pdftex.def)             Requested size: 331.24005pt x 153.87605pt.
 [42

 <./pic/Albu_example.png>]
(./03-AlexNet_ResNet.toc) [43

]
<pic/TL_motiv.png, id=7189, 1277.77374pt x 446.66875pt>
File: pic/TL_motiv.png Graphic file (type png)
<use pic/TL_motiv.png>
Package pdftex.def Info: pic/TL_motiv.png  used on input line 765.
(pdftex.def)             Requested size: 319.44266pt x 111.6669pt.
 [44

 <./pic/TL_motiv.png>]
<pic/TL_idea.png, id=7348, 1459.4525pt x 518.93875pt>
File: pic/TL_idea.png Graphic file (type png)
<use pic/TL_idea.png>
Package pdftex.def Info: pic/TL_idea.png  used on input line 776.
(pdftex.def)             Requested size: 335.66702pt x 119.3534pt.
 [45

 <./pic/TL_idea.png>]
<pic/TL_alexnet.png, id=7507, 1732.4725pt x 696.6025pt>
File: pic/TL_alexnet.png Graphic file (type png)
<use pic/TL_alexnet.png>
Package pdftex.def Info: pic/TL_alexnet.png  used on input line 785.
(pdftex.def)             Requested size: 398.4603pt x 160.2152pt.

Overfull \hbox (0.1217pt too wide) in paragraph at lines 785--785
 [] 
 []

[46

 <./pic/TL_alexnet.png>]
<pic/TL_cnn.png, id=7666, 1476.51625pt x 666.49pt>
File: pic/TL_cnn.png Graphic file (type png)
<use pic/TL_cnn.png>
Package pdftex.def Info: pic/TL_cnn.png  used on input line 794.
(pdftex.def)             Requested size: 369.12816pt x 166.62209pt.
 [47

 <./pic/TL_cnn.png>]
<pic/TL_cnn2.png, id=7825, 1493.58pt x 670.505pt>
File: pic/TL_cnn2.png Graphic file (type png)
<use pic/TL_cnn2.png>
Package pdftex.def Info: pic/TL_cnn2.png  used on input line 802.
(pdftex.def)             Requested size: 373.39409pt x 167.62584pt.
 [48

 <./pic/TL_cnn2.png>]
<pic/TL_cnn3.png, id=7984, 1493.58pt x 726.715pt>
File: pic/TL_cnn3.png Graphic file (type png)
<use pic/TL_cnn3.png>
Package pdftex.def Info: pic/TL_cnn3.png  used on input line 810.
(pdftex.def)             Requested size: 373.39409pt x 181.6783pt.

[49

 <./pic/TL_cnn3.png>]
<pic/TL_domain_change.png, id=8143, 1413.28pt x 501.875pt>
File: pic/TL_domain_change.png Graphic file (type png)
<use pic/TL_domain_change.png>
Package pdftex.def Info: pic/TL_domain_change.png  used on input line 818.
(pdftex.def)             Requested size: 353.31914pt x 125.46843pt.
 [50

 <./pic/TL_domain_change.png>]
<pic/sem.png, id=8302, 955.57pt x 519.9425pt>
File: pic/sem.png Graphic file (type png)
<use pic/sem.png>
Package pdftex.def Info: pic/sem.png  used on input line 827.
(pdftex.def)             Requested size: 238.8919pt x 129.9853pt.
 [51

 <./pic/sem.png>]
<pic/TL_examples.png, id=8461, 1427.3325pt x 500.87125pt>
File: pic/TL_examples.png Graphic file (type png)
<use pic/TL_examples.png>
Package pdftex.def Info: pic/TL_examples.png  used on input line 835.
(pdftex.def)             Requested size: 442.4685pt x 155.26848pt.

Overfull \hbox (300.20473pt too wide) in paragraph at lines 835--835
 [] 
 []

[52

 <./pic/TL_examples.png (PNG copy)>]
<pic/TL_examples2.png, id=8619, 1511.6475pt x 575.14874pt>
File: pic/TL_examples2.png Graphic file (type png)
<use pic/TL_examples2.png>
Package pdftex.def Info: pic/TL_examples2.png  used on input line 845.
(pdftex.def)             Requested size: 438.36655pt x 166.78886pt.

Overfull \hbox (381.46104pt too wide) in paragraph at lines 845--845
 [] 
 []

[53

 <./pic/TL_examples2.png>]
<pic/rethinking_imagenet.png, id=8778, 553.06625pt x 456.70625pt>
File: pic/rethinking_imagenet.png Graphic file (type png)
<use pic/rethinking_imagenet.png>
Package pdftex.def Info: pic/rethinking_imagenet.png  used on input line 859.
(pdftex.def)             Requested size: 193.57608pt x 159.84958pt.

Overfull \hbox (51.3123pt too wide) in paragraph at lines 859--859
 [] 
 []

[54

 <./pic/rethinking_imagenet.png>]

LaTeX Warning: Command \texttildelow invalid in math mode on input line 875.

LaTeX Info: Symbol \texttildelow not provided by
            font family futs in TS1 encoding.
            Default family used instead on input line 875.

LaTeX Warning: Command \texttildelow invalid in math mode on input line 875.


LaTeX Warning: Command \texttildelow invalid in math mode on input line 875.

[55

] (./03-AlexNet_ResNet.toc) [56

] [57

]
No file 03-AlexNet_ResNet.bbl.
[58

] [59

]
\tf@nav=\write6
\openout6 = `03-AlexNet_ResNet.nav'.

\tf@toc=\write7
\openout7 = `03-AlexNet_ResNet.toc'.

\tf@snm=\write8
\openout8 = `03-AlexNet_ResNet.snm'.

 (./03-AlexNet_ResNet.aux)
 ***********
LaTeX2e <2025-11-01>
L3 programming layer <2025-11-06>
 ***********
Package rerunfilecheck Info: File `03-AlexNet_ResNet.out' has not changed.
(rerunfilecheck)             Checksum: 3B0FEFF42174509A618B9D0D5C86217F;781.
 ) 
Here is how much of TeX's memory you used:
 29325 strings out of 469010
 547896 string characters out of 5454854
 1242766 words of memory out of 5000000
 57222 multiletter control sequences out of 15000+600000
 759572 words of font info for 171 fonts, out of 8000000 for 9000
 319 hyphenation exceptions out of 8191
 101i,20n,117p,416b,1517s stack positions out of 10000i,1000n,20000p,200000b,200000s

pdfTeX warning (dest): name{Navigation60} has been referenced but does not exis
t, replaced by a fixed one

</usr/local/texlive/2025basic/texmf-dist/fonts/type1/public/fourier/fourier-mex
.pfb></usr/local/texlive/2025basic/texmf-dist/fonts/type1/public/fourier/fourie
r-ml.pfb></usr/local/texlive/2025basic/texmf-dist/fonts/type1/public/fourier/fo
urier-mlit.pfb></usr/local/texlive/2025basic/texmf-dist/fonts/type1/public/four
ier/fourier-ms.pfb></usr/local/texlive/2025basic/texmf-dist/fonts/type1/adobe/u
topia/putb8a.pfb></usr/local/texlive/2025basic/texmf-dist/fonts/type1/adobe/uto
pia/putr8a.pfb></usr/local/texlive/2025basic/texmf-dist/fonts/type1/adobe/utopi
a/putri8a.pfb></usr/local/texlive/2025basic/texmf-dist/fonts/type1/public/cm-su
per/sfss1000.pfb></usr/local/texlive/2025basic/texmf-dist/fonts/type1/public/cm
-super/sftt1000.pfb>
Output written on 03-AlexNet_ResNet.pdf (59 pages, 9651334 bytes).
PDF statistics:
 9738 PDF objects out of 10688 (max. 8388607)
 5486 compressed objects within 55 object streams
 127 named destinations out of 1000 (max. 500000)
 329 words of extra memory for PDF output out of 10000 (max. 10000000)

